<?xml version="1.0" encoding="UTF-8" ?>
<testsuite tests="12" failures="0" name="com.softwareinstitute.improvedLibrary.odonnell.BrailleBookTest" time="0" errors="0" skipped="0">
  <properties>
    <property name="java.runtime.name" value="Java(TM) SE Runtime Environment"/>
    <property name="java.vm.version" value="17+35-LTS-2724"/>
    <property name="sun.boot.library.path" value="C:\Program Files\Java\jdk-17\bin"/>
    <property name="maven.multiModuleProjectDirectory" value="C:\Users\Admin\IdeaProjects\improvedLibrary"/>
    <property name="java.vm.vendor" value="Oracle Corporation"/>
    <property name="java.vendor.url" value="https://java.oracle.com/"/>
    <property name="guice.disable.misplaced.annotation.check" value="true"/>
    <property name="path.separator" value=";"/>
    <property name="java.vm.name" value="Java HotSpot(TM) 64-Bit Server VM"/>
    <property name="sun.os.patch.level" value=""/>
    <property name="user.script" value=""/>
    <property name="user.country" value="GB"/>
    <property name="sun.java.launcher" value="SUN_STANDARD"/>
    <property name="java.vm.specification.name" value="Java Virtual Machine Specification"/>
    <property name="user.dir" value="C:\Users\Admin\IdeaProjects\improvedLibrary"/>
    <property name="java.vm.compressedOopsMode" value="32-bit"/>
    <property name="java.runtime.version" value="17+35-LTS-2724"/>
    <property name="os.arch" value="amd64"/>
    <property name="java.io.tmpdir" value="C:\Users\Admin\AppData\Local\Temp\"/>
    <property name="line.separator" value="
"/>
    <property name="java.vm.specification.vendor" value="Oracle Corporation"/>
    <property name="user.variant" value=""/>
    <property name="os.name" value="Windows 10"/>
    <property name="classworlds.conf" value="C:\Users\Admin\Maven\apache-maven-3.8.3-bin\apache-maven-3.8.3\bin\m2.conf"/>
    <property name="sun.jnu.encoding" value="Cp1252"/>
    <property name="java.library.path" value="C:\Program Files\Java\jdk-17\bin;C:\WINDOWS\Sun\Java\bin;C:\WINDOWS\system32;C:\WINDOWS;C:\Program Files\Common Files\Oracle\Java\javapath;C:\Python\Python390\Scripts\;C:\Python\Python390\;C:\WINDOWS\system32;C:\WINDOWS;C:\WINDOWS\System32\Wbem;C:\WINDOWS\System32\WindowsPowerShell\v1.0\;C:\WINDOWS\System32\OpenSSH\;C:\Program Files\MATLAB\R2020a\bin;C:\Users\Admin\AppData\Local\Microsoft\WindowsApps;C:\Users\Admin\AppData\Local\Programs\Microsoft VS Code\bin;C:\PyCharm Community Edition 2020.2.3\bin;;C:\Users\Admin\Maven\apache-maven-3.8.3-bin\apache-maven-3.8.3\bin;;."/>
    <property name="maven.conf" value="C:\Users\Admin\Maven\apache-maven-3.8.3-bin\apache-maven-3.8.3/conf"/>
    <property name="jdk.debug" value="release"/>
    <property name="java.class.version" value="61.0"/>
    <property name="java.specification.name" value="Java Platform API Specification"/>
    <property name="sun.management.compiler" value="HotSpot 64-Bit Tiered Compilers"/>
    <property name="os.version" value="10.0"/>
    <property name="library.jansi.path" value="C:\Users\Admin\Maven\apache-maven-3.8.3-bin\apache-maven-3.8.3\lib\jansi-native"/>
    <property name="user.home" value="C:\Users\Admin"/>
    <property name="user.timezone" value="Europe/London"/>
    <property name="file.encoding" value="Cp1252"/>
    <property name="java.specification.version" value="17"/>
    <property name="user.name" value="Admin"/>
    <property name="java.class.path" value="C:\Users\Admin\Maven\apache-maven-3.8.3-bin\apache-maven-3.8.3\boot\plexus-classworlds-2.6.0.jar"/>
    <property name="java.vm.specification.version" value="17"/>
    <property name="sun.arch.data.model" value="64"/>
    <property name="sun.java.command" value="org.codehaus.plexus.classworlds.launcher.Launcher clean test"/>
    <property name="java.home" value="C:\Program Files\Java\jdk-17"/>
    <property name="user.language" value="en"/>
    <property name="java.specification.vendor" value="Oracle Corporation"/>
    <property name="java.vm.info" value="mixed mode, sharing"/>
    <property name="java.version" value="17"/>
    <property name="native.encoding" value="Cp1252"/>
    <property name="java.vendor" value="Oracle Corporation"/>
    <property name="sun.stderr.encoding" value="cp850"/>
    <property name="maven.home" value="C:\Users\Admin\Maven\apache-maven-3.8.3-bin\apache-maven-3.8.3"/>
    <property name="file.separator" value="\"/>
    <property name="java.version.date" value="2021-09-14"/>
    <property name="java.vendor.url.bug" value="https://bugreport.java.com/bugreport/"/>
    <property name="sun.io.unicode.encoding" value="UnicodeLittle"/>
    <property name="sun.cpu.endian" value="little"/>
    <property name="sun.stdout.encoding" value="cp850"/>
    <property name="sun.cpu.isalist" value="amd64"/>
  </properties>
  <testcase classname="com.softwareinstitute.improvedLibrary.odonnell.BrailleBookTest" name="testBookTitle" time="0"/>
  <testcase classname="com.softwareinstitute.improvedLibrary.odonnell.BrailleBookTest" name="testBookType" time="0"/>
  <testcase classname="com.softwareinstitute.improvedLibrary.odonnell.BrailleBookTest" name="testTitle" time="0"/>
  <testcase classname="com.softwareinstitute.improvedLibrary.odonnell.BrailleBookTest" name="testType" time="0"/>
  <testcase classname="com.softwareinstitute.improvedLibrary.odonnell.BrailleBookTest" name="testBookFontSize" time="0"/>
  <testcase classname="com.softwareinstitute.improvedLibrary.odonnell.BrailleBookTest" name="testLanguage" time="0"/>
  <testcase classname="com.softwareinstitute.improvedLibrary.odonnell.BrailleBookTest" name="testBookAuthor" time="0"/>
  <testcase classname="com.softwareinstitute.improvedLibrary.odonnell.BrailleBookTest" name="testFontSize" time="0"/>
  <testcase classname="com.softwareinstitute.improvedLibrary.odonnell.BrailleBookTest" name="testBookLanguage" time="0"/>
  <testcase classname="com.softwareinstitute.improvedLibrary.odonnell.BrailleBookTest" name="testAuthor" time="0"/>
  <testcase classname="com.softwareinstitute.improvedLibrary.odonnell.BrailleBookTest" name="testBookLength" time="0"/>
  <testcase classname="com.softwareinstitute.improvedLibrary.odonnell.BrailleBookTest" name="testLength" time="0"/>
</testsuite>